<?xml version="1.0" encoding="UTF-8"?>
<robot generator="Robot 7.3.2 (Python 3.9.7 on darwin)" generated="2025-12-11T08:26:09.822092" rpa="false" schemaversion="5">
<suite id="s1" name="Sign Up Test" source="/Users/eminsuleymanov/PycharmProjects/TestingTask2/tests/sign_up_test.robot">
<kw name="Open BrowserStack Session" owner="resources" type="SETUP">
<kw name="Get Environment Variable" owner="OperatingSystem">
<msg time="2025-12-11T08:26:09.927247" level="INFO">${username} = eminsuleymanov_Owjf1u</msg>
<var>${username}</var>
<arg>BROWSERSTACK_USERNAME</arg>
<doc>Returns the value of an environment variable with the given name.</doc>
<status status="PASS" start="2025-12-11T08:26:09.927136" elapsed="0.000138"/>
</kw>
<kw name="Get Environment Variable" owner="OperatingSystem">
<msg time="2025-12-11T08:26:09.927429" level="INFO">${access_key} = qFtq3xENexxqXhF8s694</msg>
<var>${access_key}</var>
<arg>BROWSERSTACK_ACCESS_KEY</arg>
<doc>Returns the value of an environment variable with the given name.</doc>
<status status="PASS" start="2025-12-11T08:26:09.927346" elapsed="0.000099"/>
</kw>
<kw name="Get Variable Value" owner="BuiltIn">
<msg time="2025-12-11T08:26:09.927621" level="INFO">${browser} = firefox</msg>
<var>${browser}</var>
<arg>${BROWSER}</arg>
<arg>chrome</arg>
<doc>Returns variable value or ``default`` if the variable does not exist.</doc>
<status status="PASS" start="2025-12-11T08:26:09.927510" elapsed="0.000127"/>
</kw>
<kw name="Run Keyword If" owner="BuiltIn">
<kw name="Evaluate" owner="BuiltIn">
<arg>sys.modules['selenium.webdriver'].FirefoxOptions()</arg>
<arg>sys, selenium.webdriver</arg>
<doc>Evaluates the given expression in Python and returns the result.</doc>
<status status="PASS" start="2025-12-11T08:26:09.927925" elapsed="0.000113"/>
</kw>
<msg time="2025-12-11T08:26:09.928096" level="INFO">${options} = &lt;selenium.webdriver.firefox.options.Options object at 0x10791de50&gt;</msg>
<var>${options}</var>
<arg>'${browser}' == 'chrome'</arg>
<arg>Evaluate</arg>
<arg>sys.modules['selenium.webdriver'].ChromeOptions()</arg>
<arg>sys, selenium.webdriver</arg>
<arg>ELSE IF</arg>
<arg>'${browser}' == 'firefox'</arg>
<arg>Evaluate</arg>
<arg>sys.modules['selenium.webdriver'].FirefoxOptions()</arg>
<arg>sys, selenium.webdriver</arg>
<arg>ELSE IF</arg>
<arg>'${browser}' == 'safari'</arg>
<arg>Evaluate</arg>
<arg>sys.modules['selenium.webdriver'].SafariOptions()</arg>
<arg>sys, selenium.webdriver</arg>
<doc>Runs the given keyword with the given arguments, if ``condition`` is true.</doc>
<status status="PASS" start="2025-12-11T08:26:09.927705" elapsed="0.000408"/>
</kw>
<kw name="Set Variable If" owner="BuiltIn">
<msg time="2025-12-11T08:26:09.928300" level="INFO">${os} = Windows</msg>
<var>${os}</var>
<arg>'${browser}' == 'safari'</arg>
<arg>OS X</arg>
<arg>Windows</arg>
<doc>Sets variable based on the given condition.</doc>
<status status="PASS" start="2025-12-11T08:26:09.928201" elapsed="0.000114"/>
</kw>
<kw name="Set Variable If" owner="BuiltIn">
<msg time="2025-12-11T08:26:09.928471" level="INFO">${os_version} = 10</msg>
<var>${os_version}</var>
<arg>'${browser}' == 'safari'</arg>
<arg>Sequoia</arg>
<arg>10</arg>
<doc>Sets variable based on the given condition.</doc>
<status status="PASS" start="2025-12-11T08:26:09.928379" elapsed="0.000107"/>
</kw>
<kw name="Set Variable If" owner="BuiltIn">
<msg time="2025-12-11T08:26:09.928667" level="INFO">${browser_cap} = Firefox</msg>
<var>${browser_cap}</var>
<arg>'${browser}' == 'chrome'</arg>
<arg>Chrome</arg>
<arg>'${browser}' == 'firefox'</arg>
<arg>Firefox</arg>
<arg>'${browser}' == 'safari'</arg>
<arg>Safari</arg>
<doc>Sets variable based on the given condition.</doc>
<status status="PASS" start="2025-12-11T08:26:09.928548" elapsed="0.000135"/>
</kw>
<kw name="Create Dictionary" owner="BuiltIn">
<msg time="2025-12-11T08:26:09.929025" level="INFO">${bstack_caps} = {'userName': 'eminsuleymanov_Owjf1u', 'accessKey': 'qFtq3xENexxqXhF8s694', 'buildName': 'demoblaze-build-1', 'projectName': 'Demoblaze automation', 'os': 'Windows', 'osVersion': '10', 'video': 'true',...</msg>
<var>${bstack_caps}</var>
<arg>userName=${username}</arg>
<arg>accessKey=${access_key}</arg>
<arg>buildName=demoblaze-build-1</arg>
<arg>projectName=Demoblaze automation</arg>
<arg>os=${os}</arg>
<arg>osVersion=${os_version}</arg>
<arg>video=true</arg>
<arg>debug=true</arg>
<arg>networkLogs=true</arg>
<arg>consoleLogs=errors</arg>
<doc>Creates and returns a dictionary based on the given ``items``.</doc>
<status status="PASS" start="2025-12-11T08:26:09.928752" elapsed="0.000290"/>
</kw>
<kw name="Call Method" owner="BuiltIn">
<arg>${options}</arg>
<arg>set_capability</arg>
<arg>bstack:options</arg>
<arg>${bstack_caps}</arg>
<doc>Calls the named method of the given object with the provided arguments.</doc>
<status status="PASS" start="2025-12-11T08:26:09.929116" elapsed="0.000094"/>
</kw>
<kw name="Call Method" owner="BuiltIn">
<arg>${options}</arg>
<arg>set_capability</arg>
<arg>browserName</arg>
<arg>${browser_cap}</arg>
<doc>Calls the named method of the given object with the provided arguments.</doc>
<status status="PASS" start="2025-12-11T08:26:09.929271" elapsed="0.000088"/>
</kw>
<kw name="Create Webdriver" owner="SeleniumLibrary">
<msg time="2025-12-11T08:26:09.929524" level="INFO">Creating an instance of the Remote WebDriver.</msg>
<arg>Remote</arg>
<arg>command_executor=https://hub-cloud.browserstack.com/wd/hub</arg>
<arg>options=${options}</arg>
<doc>Creates an instance of Selenium WebDriver.</doc>
<status status="PASS" start="2025-12-11T08:26:09.929423" elapsed="17.594228"/>
</kw>
<kw name="Go To" owner="SeleniumLibrary">
<msg time="2025-12-11T08:26:27.526478" level="INFO">Opening url 'https://www.demoblaze.com'</msg>
<arg>${baseUrl}</arg>
<doc>Navigates the current browser window to the provided ``url``.</doc>
<status status="PASS" start="2025-12-11T08:26:27.525266" elapsed="8.688216"/>
</kw>
<kw name="Maximize Browser Window" owner="SeleniumLibrary">
<doc>Maximizes current browser window.</doc>
<status status="PASS" start="2025-12-11T08:26:36.214594" elapsed="0.613072"/>
</kw>
<kw name="Set Selenium Timeout" owner="SeleniumLibrary">
<arg>30s</arg>
<doc>Sets the timeout that is used by various keywords.</doc>
<status status="PASS" start="2025-12-11T08:26:36.828792" elapsed="0.305944"/>
</kw>
<status status="PASS" start="2025-12-11T08:26:09.926661" elapsed="27.208774"/>
</kw>
<test id="s1-t1" name="User Can Sign Up Successfully" line="6">
<kw name="Sign Up" owner="resources">
<kw name="Wait Until Page Contains Element" owner="SeleniumLibrary">
<arg>${signUpButton}</arg>
<arg>timeout=20</arg>
<doc>Waits until the element ``locator`` appears on the current page.</doc>
<status status="PASS" start="2025-12-11T08:26:37.139494" elapsed="0.302880"/>
</kw>
<kw name="Click Element" owner="SeleniumLibrary">
<msg time="2025-12-11T08:26:37.444081" level="INFO">Clicking element '//a[@id="signin2"]'.</msg>
<arg>${signUpButton}</arg>
<doc>Click the element identified by ``locator``.</doc>
<status status="PASS" start="2025-12-11T08:26:37.443312" elapsed="0.682039"/>
</kw>
<kw name="Wait Until Page Contains Element" owner="SeleniumLibrary">
<arg>${signUpUsername}</arg>
<arg>timeout=20</arg>
<doc>Waits until the element ``locator`` appears on the current page.</doc>
<status status="PASS" start="2025-12-11T08:26:38.126469" elapsed="0.339622"/>
</kw>
<kw name="Input Text" owner="SeleniumLibrary">
<msg time="2025-12-11T08:26:38.468840" level="INFO">Typing text 'emin1234' into text field '//input[@id="sign-username"]'.</msg>
<arg>${signUpUsername}</arg>
<arg>${login}</arg>
<doc>Types the given ``text`` into the text field identified by ``locator``.</doc>
<status status="PASS" start="2025-12-11T08:26:38.467288" elapsed="0.919977"/>
</kw>
<kw name="Input Password" owner="SeleniumLibrary">
<msg time="2025-12-11T08:26:39.390020" level="INFO">Typing password into text field '//input[@id="sign-password"]'.</msg>
<msg time="2025-12-11T08:26:40.001620" level="INFO">Temporally setting log level to: NONE</msg>
<arg>${signUpPassword}</arg>
<arg>${password}</arg>
<doc>Types the given password into the text field identified by ``locator``.</doc>
<status status="PASS" start="2025-12-11T08:26:39.388441" elapsed="0.921591"/>
</kw>
<kw name="Click Element" owner="SeleniumLibrary">
<msg time="2025-12-11T08:26:40.312753" level="INFO">Clicking element '//button[text()="Sign up"]'.</msg>
<arg>${signUpFormButton}</arg>
<doc>Click the element identified by ``locator``.</doc>
<status status="PASS" start="2025-12-11T08:26:40.311502" elapsed="0.628319"/>
</kw>
<kw name="Sleep" owner="BuiltIn">
<msg time="2025-12-11T08:26:42.941763" level="INFO">Slept 2 seconds.</msg>
<arg>2s</arg>
<doc>Pauses the test executed for the given time.</doc>
<status status="PASS" start="2025-12-11T08:26:40.940802" elapsed="2.001240"/>
</kw>
<kw name="Handle Alert" owner="SeleniumLibrary">
<msg time="2025-12-11T08:26:42.942830" level="INFO">HANDLE::&lt;class 'NoneType'&gt;::None</msg>
<arg>accept</arg>
<doc>Handles the current alert and returns its message.</doc>
<status status="PASS" start="2025-12-11T08:26:42.942462" elapsed="0.949982"/>
</kw>
<status status="PASS" start="2025-12-11T08:26:37.138327" elapsed="6.754365"/>
</kw>
<status status="PASS" start="2025-12-11T08:26:37.135945" elapsed="6.757120"/>
</test>
<kw name="Close All Browsers" owner="SeleniumLibrary" type="TEARDOWN">
<doc>Closes all open browsers and resets the browser cache.</doc>
<status status="PASS" start="2025-12-11T08:26:43.894214" elapsed="1.894695"/>
</kw>
<status status="PASS" start="2025-12-11T08:26:09.822821" elapsed="35.966561"/>
</suite>
<statistics>
<total>
<stat pass="1" fail="0" skip="0">All Tests</stat>
</total>
<tag>
</tag>
<suite>
<stat name="Sign Up Test" id="s1" pass="1" fail="0" skip="0">Sign Up Test</stat>
</suite>
</statistics>
<errors>
</errors>
</robot>
